C51 COMPILER V9.54   KEYPAID_WITH_7_SEGEMENT                                               09/12/2022 13:00:47 PAGE 1   


C51 COMPILER V9.54, COMPILATION OF MODULE KEYPAID_WITH_7_SEGEMENT
OBJECT MODULE PLACED IN .\Objects\keypaid_with_7-segement.obj
COMPILER INVOKED BY: C:\Keil_v5\C51\BIN\C51.EXE keypaid_with_7-segement.c OPTIMIZE(8,SPEED) BROWSE DEBUG OBJECTEXTEND PR
                    -INT(.\Listings\keypaid_with_7-segement.lst) TABS(2) OBJECT(.\Objects\keypaid_with_7-segement.obj)

line level    source

   1          #include <REGX51.H>
   2          
   3          sbit R1=P1^0;
   4          sbit R2=P1^1;
   5          sbit R3=P1^2;
   6          sbit R4=P1^3;
   7          sbit C1=P1^4;
   8          sbit C2=P1^5;
   9          sbit C3=P1^6;
  10          
  11          int i,j;
  12          int led[10]={0x3f,0x06,0x5b,0x4f,0x66,0x6d,0x7d,0x07,0x7f,0x67};
  13          void delay()
  14           {
  15   1         for(i=0;i<=15;i++)
  16   1         {
  17   2           for(j=0;j<=1250;j++);
  18   2         }
  19   1       }
  20          
  21           void main()
  22           {
  23   1         P2=0x00;
  24   1         while(1)
  25   1         {
  26   2           R1=0;
  27   2           if(C1==0)
  28   2           {
  29   3             P2=led[1];
  30   3             delay();
  31   3           }
  32   2           if(C2==0)
  33   2           {
  34   3             P2=led[2];
  35   3             delay();
  36   3           }
  37   2           if(C3==0)
  38   2           {
  39   3             P2=led[3];
  40   3             delay();
  41   3           }
  42   2           R1=1;  R2=0;
  43   2           if(C1==0)
  44   2           {
  45   3             P2=led[4];
  46   3             delay();
  47   3           }
  48   2           if(C2==0)
  49   2           {
  50   3             P2=led[5];
  51   3             delay();
  52   3           }
  53   2           if(C3==0)
  54   2           {
C51 COMPILER V9.54   KEYPAID_WITH_7_SEGEMENT                                               09/12/2022 13:00:47 PAGE 2   

  55   3             P2=led[6];
  56   3             delay();
  57   3           }
  58   2           R2=1;R3=0;
  59   2           if(C1==0)
  60   2           {
  61   3             P2=led[7];
  62   3             delay();
  63   3           }
  64   2           if(C2==0)
  65   2           {
  66   3             P2=led[8];
  67   3             delay();
  68   3           }
  69   2           if(C3==0)
  70   2           {
  71   3             P2=led[9];
  72   3             delay();
  73   3           }
  74   2           R3=1; R4=0;
  75   2           if (C2==0)
  76   2           {
  77   3           P2=led[0];
  78   3           delay();
  79   3           }
  80   2           R4=1;
  81   2         }
  82   1       }
  83                 
  84               
  85                 
  86          


MODULE INFORMATION:   STATIC OVERLAYABLE
   CODE SIZE        =    152    ----
   CONSTANT SIZE    =   ----    ----
   XDATA SIZE       =   ----    ----
   PDATA SIZE       =   ----    ----
   DATA SIZE        =     24    ----
   IDATA SIZE       =   ----    ----
   BIT SIZE         =   ----    ----
END OF MODULE INFORMATION.


C51 COMPILATION COMPLETE.  0 WARNING(S),  0 ERROR(S)
