C51 COMPILER V9.54   SEND_VALUE                                                            07/28/2022 11:53:01 PAGE 1   


C51 COMPILER V9.54, COMPILATION OF MODULE SEND_VALUE
OBJECT MODULE PLACED IN .\Objects\SEND_VALUE.obj
COMPILER INVOKED BY: C:\Keil_v5\C51\BIN\C51.EXE SEND_VALUE.c OPTIMIZE(8,SPEED) BROWSE DEBUG OBJECTEXTEND PRINT(.\Listing
                    -s\SEND_VALUE.lst) TABS(2) OBJECT(.\Objects\SEND_VALUE.obj)

line level    source

   1          #include <REGX51.H>
   2          int i,j,y,k;
   3          void delay(y)
   4          {
   5   1        for(i=0;i<=y;i++)
   6   1        {
   7   2            for(j=0;j<=1275;j++);
   8   2        }
   9   1      }
  10          void main()
  11          {
  12   1        int z;
  13   1        for(z=0;z<=255;z++)
  14   1        {
  15   2          P1=z;
  16   2          delay(100);
  17   2        }
  18   1      }


MODULE INFORMATION:   STATIC OVERLAYABLE
   CODE SIZE        =     78    ----
   CONSTANT SIZE    =   ----    ----
   XDATA SIZE       =   ----    ----
   PDATA SIZE       =   ----    ----
   DATA SIZE        =      8    ----
   IDATA SIZE       =   ----    ----
   BIT SIZE         =   ----    ----
END OF MODULE INFORMATION.


C51 COMPILATION COMPLETE.  0 WARNING(S),  0 ERROR(S)
