C51 COMPILER V9.54   BUTTON                                                                08/22/2022 12:39:55 PAGE 1   


C51 COMPILER V9.54, COMPILATION OF MODULE BUTTON
OBJECT MODULE PLACED IN .\Objects\Button.obj
COMPILER INVOKED BY: C:\Keil_v5\C51\BIN\C51.EXE Button.c OPTIMIZE(8,SPEED) BROWSE DEBUG OBJECTEXTEND PRINT(.\Listings\Bu
                    -tton.lst) TABS(2) OBJECT(.\Objects\Button.obj)

line level    source

   1          #include <REGX51.H>
   2          int i,j,y;
   3          sbit led = P1^0;
   4          sbit sw = P1^1;
   5          
   6          void delay(y)
   7          {
   8   1        for(i=0;i<=y;i++)
   9   1        {
  10   2          for(j=0;j<=1275;j++);
  11   2        }
  12   1      }
  13          
  14          void main()
  15          {
  16   1        P1=0x00;
  17   1        while(1)
  18   1        {
  19   2          if(sw==1)
  20   2          {
  21   3            led=1;
  22   3          }
  23   2          else
  24   2          {
  25   3            led=0;
  26   3          }
  27   2        }
  28   1      }


MODULE INFORMATION:   STATIC OVERLAYABLE
   CODE SIZE        =     66    ----
   CONSTANT SIZE    =   ----    ----
   XDATA SIZE       =   ----    ----
   PDATA SIZE       =   ----    ----
   DATA SIZE        =      6    ----
   IDATA SIZE       =   ----    ----
   BIT SIZE         =   ----    ----
END OF MODULE INFORMATION.


C51 COMPILATION COMPLETE.  0 WARNING(S),  0 ERROR(S)
