C51 COMPILER V9.54   LED                                                                   07/28/2022 17:11:58 PAGE 1   


C51 COMPILER V9.54, COMPILATION OF MODULE LED
OBJECT MODULE PLACED IN .\Objects\led.obj
COMPILER INVOKED BY: C:\Keil_v5\C51\BIN\C51.EXE led.c OPTIMIZE(8,SPEED) BROWSE DEBUG OBJECTEXTEND PRINT(.\Listings\led.l
                    -st) TABS(2) OBJECT(.\Objects\led.obj)

line level    source

   1          #include <REGX51.H>
   2          int i,j,y;
   3          
   4          void delay(y)
   5          {
   6   1        for(i=0;i<=y;i++)
   7   1        {
   8   2          for(j=0;j<=1275;j++);
   9   2        }
  10   1      }
  11          
  12          void main()
  13          {
  14   1        while(1)
  15   1        {
  16   2          P1=0xAA;
  17   2          delay(25);
  18   2          P1=0x00;
  19   2          delay(25);    
  20   2          P1=0x55;
  21   2          delay(25);
  22   2          P1=0x00;
  23   2          delay(25);  
  24   2        } 
  25   1      }
  26            
  27             


MODULE INFORMATION:   STATIC OVERLAYABLE
   CODE SIZE        =     76    ----
   CONSTANT SIZE    =   ----    ----
   XDATA SIZE       =   ----    ----
   PDATA SIZE       =   ----    ----
   DATA SIZE        =      6    ----
   IDATA SIZE       =   ----    ----
   BIT SIZE         =   ----    ----
END OF MODULE INFORMATION.


C51 COMPILATION COMPLETE.  0 WARNING(S),  0 ERROR(S)
