C51 COMPILER V9.54   LED_CHASER                                                            08/02/2022 13:06:25 PAGE 1   


C51 COMPILER V9.54, COMPILATION OF MODULE LED_CHASER
OBJECT MODULE PLACED IN .\Objects\LED_Chaser.obj
COMPILER INVOKED BY: C:\Keil_v5\C51\BIN\C51.EXE LED_Chaser.c OPTIMIZE(8,SPEED) BROWSE DEBUG OBJECTEXTEND PRINT(.\Listing
                    -s\LED_Chaser.lst) TABS(2) OBJECT(.\Objects\LED_Chaser.obj)

line level    source

   1          #include <REGX51.H>
   2          int i,j,y,z;
   3          
   4          void delay(y)
   5          {
   6   1        for(i=0;i<=y;i++)
   7   1        {
   8   2          for(j=0;j<=1275;j++);
   9   2        }
  10   1      }
  11          
  12          void main()
  13          {
  14   1        P1=0x00;
  15   1        while(1)
  16   1        {
  17   2          int led[8]={0x01,0x02,0x04,0x08,0x10,0x20,0x40,0x80};
  18   2          for(z=0;z<=7;z++)
  19   2          {
  20   3            P1=led[z];
  21   3            delay(50);
  22   3          }
  23   2          for(z=7;z>=0;z--)
  24   2          {
  25   3            P1=led[z];
  26   3            delay(50);
  27   3          }
  28   2        } 
  29   1      }
  30            
  31             


MODULE INFORMATION:   STATIC OVERLAYABLE
   CODE SIZE        =    144    ----
   CONSTANT SIZE    =     16    ----
   XDATA SIZE       =   ----    ----
   PDATA SIZE       =   ----    ----
   DATA SIZE        =      8      16
   IDATA SIZE       =   ----    ----
   BIT SIZE         =   ----    ----
END OF MODULE INFORMATION.


C51 COMPILATION COMPLETE.  0 WARNING(S),  0 ERROR(S)
