C51 COMPILER V9.54   LEDBLINK                                                              09/01/2022 13:21:41 PAGE 1   


C51 COMPILER V9.54, COMPILATION OF MODULE LEDBLINK
OBJECT MODULE PLACED IN .\Objects\ledblink.obj
COMPILER INVOKED BY: C:\Keil_v5\C51\BIN\C51.EXE ledblink.c OPTIMIZE(8,SPEED) BROWSE DEBUG OBJECTEXTEND PRINT(.\Listings\
                    -ledblink.lst) TABS(2) OBJECT(.\Objects\ledblink.obj)

line level    source

   1          #include <REGX51.H>
   2          int i,j,y;
   3          
   4          void delay(y)
   5          {
   6   1        for(i=0;i<=y;i++)
   7   1        {
   8   2          for(j=0;j<=1275;j++);
   9   2        }
  10   1      }
  11          
  12          void main()
  13          {
  14   1        while(1)
  15   1        {
  16   2          
  17   2          P1=0x01;
  18   2          delay(25);  
  19   2          P1=0x00;
  20   2          delay(25);    
  21   2        
  22   2        } 
  23   1      }
  24            
  25             


MODULE INFORMATION:   STATIC OVERLAYABLE
   CODE SIZE        =     70    ----
   CONSTANT SIZE    =   ----    ----
   XDATA SIZE       =   ----    ----
   PDATA SIZE       =   ----    ----
   DATA SIZE        =      6    ----
   IDATA SIZE       =   ----    ----
   BIT SIZE         =   ----    ----
END OF MODULE INFORMATION.


C51 COMPILATION COMPLETE.  0 WARNING(S),  0 ERROR(S)
