C51 COMPILER V9.54   14_SEGMENT                                                            08/04/2022 16:40:30 PAGE 1   


C51 COMPILER V9.54, COMPILATION OF MODULE 14_SEGMENT
OBJECT MODULE PLACED IN .\Objects\14 Segment.obj
COMPILER INVOKED BY: C:\Keil_v5\C51\BIN\C51.EXE 14 Segment.c OPTIMIZE(8,SPEED) BROWSE DEBUG OBJECTEXTEND PRINT(.\Listing
                    -s\14 Segment.lst) TABS(2) OBJECT(.\Objects\14 Segment.obj)

line level    source

   1          #include <REGX51.H>
   2          int i,j,k,y,z;
   3          void delay(y)
   4          {
   5   1        for(i=0;i<=y;i++)
   6   1        {
   7   2          for(j=0;j<=1275;j++);
   8   2        }
   9   1      }
  10          int led[10]={0x3f,0x06,0x5b,0x4f,0x66,0x6d,0x7d,0x07,0x7f,0x67};
  11          void main()
  12          {
  13   1        while(1)
  14   1        {
  15   2          P1=P2=0x00; 
  16   2          for(z=0;z<=9;z++)
  17   2          {
  18   3            P2=led[z];
  19   3            for(k=0;k<=9;k++)
  20   3            {
  21   4              P1=led[k];
  22   4              delay(50);
  23   4            }
  24   3          }
  25   2        } 
  26   1      }


MODULE INFORMATION:   STATIC OVERLAYABLE
   CODE SIZE        =    135    ----
   CONSTANT SIZE    =   ----    ----
   XDATA SIZE       =   ----    ----
   PDATA SIZE       =   ----    ----
   DATA SIZE        =     30    ----
   IDATA SIZE       =   ----    ----
   BIT SIZE         =   ----    ----
END OF MODULE INFORMATION.


C51 COMPILATION COMPLETE.  0 WARNING(S),  0 ERROR(S)
