C51 COMPILER V9.54   METRO_LCD                                                             09/01/2022 10:45:37 PAGE 1   


C51 COMPILER V9.54, COMPILATION OF MODULE METRO_LCD
OBJECT MODULE PLACED IN .\Objects\Metro_LCD.obj
COMPILER INVOKED BY: C:\Keil_v5\C51\BIN\C51.EXE Metro_LCD.c OPTIMIZE(8,SPEED) BROWSE DEBUG OBJECTEXTEND PRINT(.\Listings
                    -\Metro_LCD.lst) TABS(2) OBJECT(.\Objects\Metro_LCD.obj)

line level    source

   1          #include <REGX51.H>
   2          sbit rs=P1^0;
   3          sbit rw=P1^1;
   4          sbit en=P1^2;
   5          void delay()
   6          {
   7   1        unsigned int i,j;
   8   1        for(i=0;i<=9;i++)
   9   1        for(j=0;j<1275;j++);
  10   1      }
  11          void display(unsigned char *v)
  12          {
  13   1        while(*v)
  14   1        {
  15   2          P2=*v;
  16   2          rs=1;
  17   2          rw=0;
  18   2          en=1;
  19   2          delay();
  20   2          en=0;
  21   2          *v++;
*** WARNING C275 IN LINE 21 OF Metro_LCD.c: expression with possibly no effect
  22   2        }
  23   1      }
  24          void command(unsigned char value)
  25          {
  26   1        P2=value;
  27   1        rs=0;
  28   1        rw=0;
  29   1        en=1;
  30   1        delay();
  31   1        en=0;
  32   1      }
  33          void main()
  34          {
  35   1        P2=0x00;
  36   1        command(0x38);
  37   1        delay();
  38   1        command(0x0E);
  39   1        delay();
  40   1        command(0x01);
  41   1        delay();
  42   1        command(0x80);
  43   1        delay();
  44   1        display("jamiya_miliya");
  45   1        command(0xC0);
  46   1        display("kalka_ji");
  47   1        delay();
  48   1        
  49   1        command(0x0E);
  50   1        delay();
  51   1        command(0x01);
  52   1        delay();
  53   1        command(0x80);
C51 COMPILER V9.54   METRO_LCD                                                             09/01/2022 10:45:37 PAGE 2   

  54   1        delay();
  55   1        display("train coach 6");
  56   1        command(0x0C);
  57   1        
  58   1        
  59   1      }
  60            


MODULE INFORMATION:   STATIC OVERLAYABLE
   CODE SIZE        =    143    ----
   CONSTANT SIZE    =     37    ----
   XDATA SIZE       =   ----    ----
   PDATA SIZE       =   ----    ----
   DATA SIZE        =   ----    ----
   IDATA SIZE       =   ----    ----
   BIT SIZE         =   ----    ----
END OF MODULE INFORMATION.


C51 COMPILATION COMPLETE.  1 WARNING(S),  0 ERROR(S)
