C51 COMPILER V9.54   LCD_STRING                                                            08/31/2022 13:42:28 PAGE 1   


C51 COMPILER V9.54, COMPILATION OF MODULE LCD_STRING
OBJECT MODULE PLACED IN .\Objects\LCD_String.obj
COMPILER INVOKED BY: C:\Keil_v5\C51\BIN\C51.EXE LCD_String.c OPTIMIZE(8,SPEED) BROWSE DEBUG OBJECTEXTEND PRINT(.\Listing
                    -s\LCD_String.lst) TABS(2) OBJECT(.\Objects\LCD_String.obj)

line level    source

   1          #include <REGX51.H>
   2          sbit rs=P1^0;
   3          sbit rw=P1^1;
   4          sbit en=P1^2;
   5          void delay()
   6          {
   7   1        unsigned int i,j;
   8   1        for(i=0;i<=9;i++)
   9   1        for(j=0;j<1275;j++);
  10   1      }
  11          void display(unsigned char *v)
  12          {
  13   1        while(*v)
  14   1        {
  15   2          P2=*v;
  16   2          rs=1;
  17   2          rw=0;
  18   2          en=1;
  19   2          delay();
  20   2          en=0;
  21   2          *v++;
*** WARNING C275 IN LINE 21 OF LCD_String.c: expression with possibly no effect
  22   2        }
  23   1      }
  24          void command(unsigned char value)
  25          {
  26   1        P2=value;
  27   1        rs=0;
  28   1        rw=0;
  29   1        en=1;
  30   1        delay();
  31   1        en=0;
  32   1      }
  33          void main()
  34          {
  35   1        P2=0x00;
  36   1        command(0x38);
  37   1        delay();
  38   1        command(0x0E);
  39   1        delay();
  40   1        command(0x01);
  41   1        delay();
  42   1        command(0x80);
  43   1        delay();
  44   1        display("Arif");
  45   1        command(0xC0);
  46   1        display("Hassan");
  47   1      }
  48            


MODULE INFORMATION:   STATIC OVERLAYABLE
   CODE SIZE        =    125    ----
   CONSTANT SIZE    =     12    ----
C51 COMPILER V9.54   LCD_STRING                                                            08/31/2022 13:42:28 PAGE 2   

   XDATA SIZE       =   ----    ----
   PDATA SIZE       =   ----    ----
   DATA SIZE        =   ----    ----
   IDATA SIZE       =   ----    ----
   BIT SIZE         =   ----    ----
END OF MODULE INFORMATION.


C51 COMPILATION COMPLETE.  1 WARNING(S),  0 ERROR(S)
