C51 COMPILER V9.54   LED_BLINK                                                             07/28/2022 16:46:46 PAGE 1   


C51 COMPILER V9.54, COMPILATION OF MODULE LED_BLINK
OBJECT MODULE PLACED IN .\Objects\LED_Blink.obj
COMPILER INVOKED BY: C:\Keil_v5\C51\BIN\C51.EXE LED_Blink.c OPTIMIZE(8,SPEED) BROWSE DEBUG OBJECTEXTEND PRINT(.\Listings
                    -\LED_Blink.lst) TABS(2) OBJECT(.\Objects\LED_Blink.obj)

line level    source

   1          #include <REGX51.H>
   2          int i,j,y;
   3          
   4          void delay(y)
   5          {
   6   1        for(i=0;i<=y;i++)
   7   1        {
   8   2          for(j=0;j<=1275;j++);
   9   2        }
  10   1      }
  11          
  12          void main()
  13          {
  14   1        while(1)
  15   1        {
  16   2          P1=0x00;
  17   2          delay(25);
  18   2          P1=0x01;
  19   2          delay(25);    
  20   2          P1=0x02;
  21   2          delay(25);
  22   2          P1=0x04;
  23   2          delay(25);
  24   2          P1=0x08;
  25   2          delay(25);
  26   2          P1=0x10;
  27   2          delay(25);
  28   2          P1=0x20;
  29   2          delay(25);
  30   2          P1=0x40;
  31   2          delay(25);
  32   2          P1=0x80;
  33   2          delay(25);
  34   2        } 
  35   1      }
  36            
  37             


MODULE INFORMATION:   STATIC OVERLAYABLE
   CODE SIZE        =    111    ----
   CONSTANT SIZE    =   ----    ----
   XDATA SIZE       =   ----    ----
   PDATA SIZE       =   ----    ----
   DATA SIZE        =      6    ----
   IDATA SIZE       =   ----    ----
   BIT SIZE         =   ----    ----
END OF MODULE INFORMATION.


C51 COMPILATION COMPLETE.  0 WARNING(S),  0 ERROR(S)
