C51 COMPILER V9.54   TRAFFIC_LIGHT_SEGMENT                                                 08/04/2022 17:47:41 PAGE 1   


C51 COMPILER V9.54, COMPILATION OF MODULE TRAFFIC_LIGHT_SEGMENT
OBJECT MODULE PLACED IN .\Objects\Traffic_Light_segment.obj
COMPILER INVOKED BY: C:\Keil_v5\C51\BIN\C51.EXE Traffic_Light_segment.c OPTIMIZE(8,SPEED) BROWSE DEBUG OBJECTEXTEND PRIN
                    -T(.\Listings\Traffic_Light_segment.lst) TABS(2) OBJECT(.\Objects\Traffic_Light_segment.obj)

line level    source

   1          #include <REGX51.H>
   2          int i,j,k,l,y,z;
   3          sbit red=P1^0;
   4          sbit yel=P1^1;
   5          sbit ger=P1^2;
   6          
   7          void delay(y)
   8          {
   9   1        for(i=0;i<=y;i++)
  10   1        {
  11   2          for(j=0;j<=1275;j++);
  12   2        }
  13   1      }
  14          
  15          void seg()
  16          {
  17   1        int led[10]={0x3f,0x06,0x5b,0x4f,0x66,0x6d,0x7d,0x07,0x7f,0x67};
  18   1        {
  19   2          P3=0x00;  
  20   2          for(k=0;k<=9;k++)
  21   2            {
  22   3              P3=led[k];
  23   3              delay(50);
  24   3            }
  25   2          }
  26   1        }
  27          
  28          void main()
  29          {
  30   1        P1=0X00;
  31   1        while(1)
  32   1        {
  33   2          red=1;
  34   2          seg();
  35   2          red=0;
  36   2          
  37   2          yel=1;
  38   2          seg();
  39   2          yel=0;
  40   2          
  41   2          ger=1;
  42   2          seg();
  43   2          ger=0;
  44   2          
  45   2          yel=1;
  46   2          seg();
  47   2          yel=0;
  48   2        }
  49   1      }


MODULE INFORMATION:   STATIC OVERLAYABLE
   CODE SIZE        =    149    ----
   CONSTANT SIZE    =     20    ----
C51 COMPILER V9.54   TRAFFIC_LIGHT_SEGMENT                                                 08/04/2022 17:47:41 PAGE 2   

   XDATA SIZE       =   ----    ----
   PDATA SIZE       =   ----    ----
   DATA SIZE        =     12      20
   IDATA SIZE       =   ----    ----
   BIT SIZE         =   ----    ----
END OF MODULE INFORMATION.


C51 COMPILATION COMPLETE.  0 WARNING(S),  0 ERROR(S)
