C51 COMPILER V9.54   MOTOR_WITH_2_SWITCH                                                   09/05/2022 16:41:18 PAGE 1   


C51 COMPILER V9.54, COMPILATION OF MODULE MOTOR_WITH_2_SWITCH
OBJECT MODULE PLACED IN .\Objects\motor with 2 switch.obj
COMPILER INVOKED BY: C:\Keil_v5\C51\BIN\C51.EXE motor with 2 switch.c OPTIMIZE(8,SPEED) BROWSE DEBUG OBJECTEXTEND PRINT(
                    -.\Listings\motor with 2 switch.lst) TABS(2) OBJECT(.\Objects\motor with 2 switch.obj)

line level    source

   1          #include <REGX51.H>
   2          sbit motorp=P2^0;
   3          sbit motorn=P2^1;
   4          sbit sw=P1^0;
   5          sbit sw1=P1^1;
   6          
   7            void main()
   8          {
   9   1        P1=P2=0x00;
  10   1        while(1)
  11   1        {
  12   2        if((sw)==1)
  13   2        {
  14   3        motorp=1;
  15   3        motorn=0;
  16   3        }
  17   2        else if((sw1)==1)
  18   2        {
  19   3        motorp=0;
  20   3        motorn=1;
  21   3        }
  22   2        else
  23   2        {
  24   3          motorp=0;
  25   3          motorn=0;
  26   3        }
  27   2       }
  28   1      }


MODULE INFORMATION:   STATIC OVERLAYABLE
   CODE SIZE        =     29    ----
   CONSTANT SIZE    =   ----    ----
   XDATA SIZE       =   ----    ----
   PDATA SIZE       =   ----    ----
   DATA SIZE        =   ----    ----
   IDATA SIZE       =   ----    ----
   BIT SIZE         =   ----    ----
END OF MODULE INFORMATION.


C51 COMPILATION COMPLETE.  0 WARNING(S),  0 ERROR(S)
