C51 COMPILER V9.54   TRAFFIC_LIGHT_AND_DIFFERENT_TIME_WITH_SEG                             08/04/2022 22:42:01 PAGE 1   


C51 COMPILER V9.54, COMPILATION OF MODULE TRAFFIC_LIGHT_AND_DIFFERENT_TIME_WITH_SEG
OBJECT MODULE PLACED IN .\Objects\Traffic_Light_And_Different_Time_with_Segment.obj
COMPILER INVOKED BY: C:\Keil_v5\C51\BIN\C51.EXE Traffic_Light_And_Different_Time_with_Segment.c OPTIMIZE(8,SPEED) BROWSE
                    - DEBUG OBJECTEXTEND PRINT(.\Listings\Traffic_Light_And_Different_Time_with_Segment.lst) TABS(2) OBJECT(.\Objects\Traffic
                    -_Light_And_Different_Time_with_Segment.obj)

line level    source

   1          #include <REGX51.H>
   2          int i,j,k,l,y,z;
   3          sbit red=P1^0;
   4          sbit yel=P1^1;
   5          sbit ger=P1^2;
   6          
   7          void delay(y)
   8          {
   9   1        for(i=0;i<=y;i++)
  10   1        {
  11   2          for(j=0;j<=1275;j++);
  12   2        }
  13   1      }
  14          
  15          void seg()
  16          {
  17   1        int led[10]={0x3f,0x06,0x5b,0x4f,0x66,0x6d,0x7d,0x07,0x7f,0x67};
  18   1        {
  19   2          P2=P3=0x00; 
  20   2          for(z=0;z<=6;z++)
  21   2          {
  22   3            P3=led[z];
  23   3            delay(25);
  24   3            for(k=0;k<=9;k++)
  25   3            {
  26   4              P2=led[k];
  27   4              delay(50);
  28   4            }
  29   3          }
  30   2        } 
  31   1        }
  32          
  33            void segi()
  34          {
  35   1        int led[10]={0x3f,0x06,0x5b,0x4f,0x66,0x6d,0x7d,0x07,0x7f,0x67};
  36   1        {
  37   2          P2=P3=0x00; 
  38   2          for(z=0;z<=3;z++)
  39   2          {
  40   3            P3=led[z];
  41   3            delay(25);
  42   3            for(k=0;k<=9;k++)
  43   3            {
  44   4              P2=led[k];
  45   4              delay(50);
  46   4            }
  47   3          }
  48   2        } 
  49   1        }
  50          
  51            void segii()
  52          {
  53   1        int led[10]={0x3f,0x06,0x5b,0x4f,0x66,0x6d,0x7d,0x07,0x7f,0x67};
C51 COMPILER V9.54   TRAFFIC_LIGHT_AND_DIFFERENT_TIME_WITH_SEG                             08/04/2022 22:42:01 PAGE 2   

  54   1        {
  55   2          P2=P3=0x00; 
  56   2          for(z=0;z<=2;z++)
  57   2          {
  58   3            P3=led[z];
  59   3            delay(25);
  60   3            for(k=0;k<=9;k++)
  61   3            {
  62   4              P2=led[k];
  63   4              delay(50);
  64   4            }
  65   3          }
  66   2        } 
  67   1        }
  68          
  69          void main()
  70          {
  71   1        P1=0X00;
  72   1        while(1)
  73   1        {
  74   2          red=1;
  75   2          seg();
  76   2          red=0;
  77   2          
  78   2          yel=1;
  79   2          segi();
  80   2          yel=0;
  81   2          
  82   2          ger=1;
  83   2          segii();
  84   2          ger=0;
  85   2          
  86   2          yel=1;
  87   2          seg();
  88   2          yel=0;
  89   2        }
  90   1      }


MODULE INFORMATION:   STATIC OVERLAYABLE
   CODE SIZE        =    391    ----
   CONSTANT SIZE    =     60    ----
   XDATA SIZE       =   ----    ----
   PDATA SIZE       =   ----    ----
   DATA SIZE        =     12      60
   IDATA SIZE       =   ----    ----
   BIT SIZE         =   ----    ----
END OF MODULE INFORMATION.


C51 COMPILATION COMPLETE.  0 WARNING(S),  0 ERROR(S)
