C51 COMPILER V9.54   TRAFFIC_LIGHT                                                         07/29/2022 13:24:34 PAGE 1   


C51 COMPILER V9.54, COMPILATION OF MODULE TRAFFIC_LIGHT
OBJECT MODULE PLACED IN .\Objects\Traffic Light.obj
COMPILER INVOKED BY: C:\Keil_v5\C51\BIN\C51.EXE Traffic Light.c OPTIMIZE(8,SPEED) BROWSE DEBUG OBJECTEXTEND PRINT(.\List
                    -ings\Traffic Light.lst) TABS(2) OBJECT(.\Objects\Traffic Light.obj)

line level    source

   1          #include <REGX51.H>
   2          int i,j,y,k;
   3          void delay(k)
   4          {
   5   1        for (i=0;i<=k;i++)
   6   1        {
   7   2          for (j=0;j<=1275;j++);
   8   2        }
   9   1      }
  10          void main()
  11          {
  12   1          while(1)
  13   1          {
  14   2            P1=0x01;
  15   2            delay(200);
  16   2            P1=0x02;
  17   2            delay(200);   
  18   2            P1=0x04;
  19   2            delay(200);
  20   2            
  21   2          }
  22   1      }


MODULE INFORMATION:   STATIC OVERLAYABLE
   CODE SIZE        =     76    ----
   CONSTANT SIZE    =   ----    ----
   XDATA SIZE       =   ----    ----
   PDATA SIZE       =   ----    ----
   DATA SIZE        =      8    ----
   IDATA SIZE       =   ----    ----
   BIT SIZE         =   ----    ----
END OF MODULE INFORMATION.


C51 COMPILATION COMPLETE.  0 WARNING(S),  0 ERROR(S)
