C51 COMPILER V9.54   MOTOR                                                                 09/05/2022 12:27:02 PAGE 1   


C51 COMPILER V9.54, COMPILATION OF MODULE MOTOR
OBJECT MODULE PLACED IN .\Objects\Motor.obj
COMPILER INVOKED BY: C:\Keil_v5\C51\BIN\C51.EXE Motor.c OPTIMIZE(8,SPEED) BROWSE DEBUG OBJECTEXTEND PRINT(.\Listings\Mot
                    -or.lst) TABS(2) OBJECT(.\Objects\Motor.obj)

line level    source

   1          #include <REGX51.H>
   2          sbit motorp=P1^0;
   3          sbit motorn=P1^1;
   4          int i,j;
   5          void delay (y)
   6          {
   7   1        for (i=0;i<=y;i++)
   8   1        {
   9   2          for (j=0;j<=1275;j++);
  10   2        }
  11   1      }
  12            void main()
  13          {
  14   1        while(1)
  15   1        {
  16   2        P1=0X00;
  17   2        motorp=1;
  18   2        motorn=0;
  19   2        delay(100);
  20   2        
  21   2        motorp=0;
  22   2        motorn=1;
  23   2        delay(100);
  24   2        }
  25   1          
  26   1      }


MODULE INFORMATION:   STATIC OVERLAYABLE
   CODE SIZE        =     74    ----
   CONSTANT SIZE    =   ----    ----
   XDATA SIZE       =   ----    ----
   PDATA SIZE       =   ----    ----
   DATA SIZE        =      4    ----
   IDATA SIZE       =   ----    ----
   BIT SIZE         =   ----    ----
END OF MODULE INFORMATION.


C51 COMPILATION COMPLETE.  0 WARNING(S),  0 ERROR(S)
