C51 COMPILER V9.54   MOTOR_WITH_SWITCH                                                     09/05/2022 13:52:06 PAGE 1   


C51 COMPILER V9.54, COMPILATION OF MODULE MOTOR_WITH_SWITCH
OBJECT MODULE PLACED IN .\Objects\motor with switch.obj
COMPILER INVOKED BY: C:\Keil_v5\C51\BIN\C51.EXE motor with switch.c OPTIMIZE(8,SPEED) BROWSE DEBUG OBJECTEXTEND PRINT(.\
                    -Listings\motor with switch.lst) TABS(2) OBJECT(.\Objects\motor with switch.obj)

line level    source

   1          #include <REGX51.H>
   2          sbit motorp=P2^0;
   3          sbit motorn=P2^1;
   4          sbit sw=P1^0;
   5          int i,j;
   6          void delay (y)
   7          {
   8   1        for (i=0;i<=y;i++)
   9   1        {
  10   2          for (j=0;j<=1275;j++);
  11   2        }
  12   1      }
  13            void main()
  14          {
  15   1        while(1)
  16   1        {
  17   2        if((sw)==1)
  18   2        {
  19   3        P1=0X00;
  20   3        motorp=1;
  21   3        motorn=0;
  22   3        }
  23   2        else
  24   2        {
  25   3        motorp=0;
  26   3        motorn=0;
  27   3        }
  28   2       }
  29   1      }


MODULE INFORMATION:   STATIC OVERLAYABLE
   CODE SIZE        =     70    ----
   CONSTANT SIZE    =   ----    ----
   XDATA SIZE       =   ----    ----
   PDATA SIZE       =   ----    ----
   DATA SIZE        =      4    ----
   IDATA SIZE       =   ----    ----
   BIT SIZE         =   ----    ----
END OF MODULE INFORMATION.


C51 COMPILATION COMPLETE.  0 WARNING(S),  0 ERROR(S)
