C51 COMPILER V9.54   LCD_SCROLL                                                            09/28/2022 07:22:14 PAGE 1   


C51 COMPILER V9.54, COMPILATION OF MODULE LCD_SCROLL
OBJECT MODULE PLACED IN .\Objects\LCD_Scroll.obj
COMPILER INVOKED BY: C:\Keil_v5\C51\BIN\C51.EXE LCD_Scroll.c OPTIMIZE(8,SPEED) BROWSE DEBUG OBJECTEXTEND PRINT(.\Listing
                    -s\LCD_Scroll.lst) TABS(2) OBJECT(.\Objects\LCD_Scroll.obj)

line level    source

   1          #include <REGX51.H>
   2          #include <string.h>
   3          #define LCD P2 /*Attached Lcd on Port*/
   4          sbit rs=P1^0;
   5          sbit rw=P1^1;
   6          sbit en=P1^2;
   7          
   8          /*Function to write command on Lcd*/
   9          void command(const char value);
  10          /*Function to display message on Lcd*/
  11          void display(const char *v);
  12          /*Function To Initialize Lcd*/
  13          void LcdInit(void);
  14          /*Function to Provide delay*/
  15          void delay();
  16            
  17          void delay()
  18          {
  19   1        unsigned int i,j;
  20   1        for(i=0;i<=5;i++)
  21   1        {
  22   2        for(j=0;j<1275;j++);
  23   2        }
  24   1      }
  25          void LcdInit(void)
  26          {
  27   1          command(0x01);
  28   1          command(0x38);
  29   1          //command(0x06);
  30   1          //command(0x04);
  31   1          command(0x0c);
  32   1      }
  33          void display(unsigned char *v)
  34          {
  35   1        while(*v)
  36   1        {
  37   2          P2=*v;
  38   2          rs=1;
  39   2          rw=0;
  40   2          en=1;
  41   2          delay();
  42   2          en=0;
  43   2          *v++;
*** WARNING C275 IN LINE 43 OF LCD_Scroll.c: expression with possibly no effect
  44   2        }
  45   1      }
  46          void command(unsigned char value)
  47          {
  48   1        P2=value;
  49   1        rs=0;
  50   1        rw=0;
  51   1        en=1;
  52   1        delay();
  53   1        en=0;
C51 COMPILER V9.54   LCD_SCROLL                                                            09/28/2022 07:22:14 PAGE 2   

  54   1      }
  55          void main()
  56          {
  57   1          short siLoop = 0;
  58   1          short siLen = 0;
  59   1         int maxlen=15, len;
  60   1          const char *pszDisplayMsg = "NSIC";
  61   1          siLen = strlen(pszDisplayMsg); /*Calculate length of Message*/
  62   1          len= (maxlen-siLen);
  63   1          LcdInit();  /*Lcd Initialize*/
  64   1      
  65   1              command(0x80); /*Address of DDRAM*/
  66   1              display(pszDisplayMsg);
  67   1              for(siLoop=0; siLoop <= len; siLoop++)
  68   1              {
  69   2                  command(0x1c);
  70   2                  delay();
  71   2              }
  72   1              
  73   1              command(0x8f); /*Address of DDRAM*/
  74   1              display(pszDisplayMsg);
  75   1              for(siLoop=len;siLoop >= 0; siLoop--)
  76   1               {
  77   2                 command(0x18);
  78   2                 delay();
  79   2                }
  80   1              }
  81                   
  82            


MODULE INFORMATION:   STATIC OVERLAYABLE
   CODE SIZE        =    207    ----
   CONSTANT SIZE    =      5    ----
   XDATA SIZE       =   ----    ----
   PDATA SIZE       =   ----    ----
   DATA SIZE        =   ----       7
   IDATA SIZE       =   ----    ----
   BIT SIZE         =   ----    ----
END OF MODULE INFORMATION.


C51 COMPILATION COMPLETE.  1 WARNING(S),  0 ERROR(S)
