C51 COMPILER V9.54   TRAFFIC_LIGHT_WITH_SWITCH                                             08/26/2022 11:06:01 PAGE 1   


C51 COMPILER V9.54, COMPILATION OF MODULE TRAFFIC_LIGHT_WITH_SWITCH
OBJECT MODULE PLACED IN .\Objects\Traffic_Light_With_Switch.obj
COMPILER INVOKED BY: C:\Keil_v5\C51\BIN\C51.EXE Traffic_Light_With_Switch.c OPTIMIZE(8,SPEED) BROWSE DEBUG OBJECTEXTEND 
                    -PRINT(.\Listings\Traffic_Light_With_Switch.lst) TABS(2) OBJECT(.\Objects\Traffic_Light_With_Switch.obj)

line level    source

   1          #include <REGX51.H>
   2          int i,j,k,l,y,z;
   3          sbit red=P1^0;
   4          sbit yel=P1^1;
   5          sbit ger=P1^2;
   6          sbit but=P1^3;
   7          
   8          void delay(y)
   9          {
  10   1        for(i=0;i<=y;i++)
  11   1        {
  12   2          for(j=0;j<=1275;j++);
  13   2        }
  14   1      }
  15          
  16          void seg()
  17          {
  18   1        int led[10]={0x3f,0x06,0x5b,0x4f,0x66,0x6d,0x7d,0x07,0x7f,0x67};
  19   1        P2=P3=0x00; 
  20   1        for(z=0;z<=5;z++)
  21   1        {
  22   2          P3=led[z];
  23   2          for(k=0;k<=9;k++)
  24   2          {
  25   3            P2=led[k];
  26   3            delay(50);
  27   3          }
  28   2        }
  29   1      } 
  30          
  31          void light()
  32          {
  33   1        red=1;
  34   1        yel=0;
  35   1        ger=0;
  36   1        delay(300);
  37   1        
  38   1        red=0;
  39   1        yel=1;
  40   1        ger=0;
  41   1        delay(100);
  42   1        
  43   1        red=0;
  44   1        yel=0;
  45   1        ger=1;
  46   1        delay(300);
  47   1        
  48   1        red=0;
  49   1        yel=1;
  50   1        ger=0;
  51   1        delay(100);
  52   1      }
  53          
  54          void main()
C51 COMPILER V9.54   TRAFFIC_LIGHT_WITH_SWITCH                                             08/26/2022 11:06:01 PAGE 2   

  55          {
  56   1        P1=0X00;
  57   1        light();
  58   1        while(1)
  59   1        {
  60   2          if(but==1)
  61   2          {
  62   3            ger=0;
  63   3            yel=1;
  64   3            delay(100);
  65   3            yel=0;
  66   3            red=1;
  67   3            seg();
  68   3            red=0;
  69   3          }
  70   2        else
  71   2        {
  72   3          red=yel=0;
  73   3          ger=1;
  74   3        }
  75   2      }
  76   1        }


MODULE INFORMATION:   STATIC OVERLAYABLE
   CODE SIZE        =    241    ----
   CONSTANT SIZE    =     20    ----
   XDATA SIZE       =   ----    ----
   PDATA SIZE       =   ----    ----
   DATA SIZE        =     12      20
   IDATA SIZE       =   ----    ----
   BIT SIZE         =   ----    ----
END OF MODULE INFORMATION.


C51 COMPILATION COMPLETE.  0 WARNING(S),  0 ERROR(S)
