C51 COMPILER V9.54   SUNDAY                                                                07/31/2022 09:29:19 PAGE 1   


C51 COMPILER V9.54, COMPILATION OF MODULE SUNDAY
OBJECT MODULE PLACED IN .\Objects\sunday.obj
COMPILER INVOKED BY: C:\Keil_v5\C51\BIN\C51.EXE sunday.c OPTIMIZE(8,SPEED) BROWSE DEBUG OBJECTEXTEND PRINT(.\Listings\su
                    -nday.lst) TABS(2) OBJECT(.\Objects\sunday.obj)

line level    source

   1          #include <REGX51.H>
   2          void delay (y)
   3          {
   4   1        for (i=0;i=<=y;i++)
*** ERROR C202 IN LINE 4 OF sunday.c: 'i': undefined identifier
*** ERROR C141 IN LINE 4 OF sunday.c: syntax error near '<='
*** ERROR C202 IN LINE 4 OF sunday.c: 'i': undefined identifier
*** ERROR C141 IN LINE 4 OF sunday.c: syntax error near ')'
   5   1        {
   6   2          for (j=0;j<=1275;j++);
   7   2        }
   8   1      }
   9          Void main ()
*** ERROR C129 IN LINE 9 OF sunday.c: missing ';' before 'main'
  10          {
  11            P1=0XFF;
  12            delay(25);
  13            P1=0X00;
  14            delay(25);
  15          }

C51 COMPILATION COMPLETE.  0 WARNING(S),  5 ERROR(S)
